# JRE version: OpenJDK Runtime Environment (21.0.9) (build 21.0.9+-14787801-b1163.94)
# Java VM: OpenJDK 64-Bit Server VM (21.0.9+-14787801-b1163.94, mixed mode, tiered, compressed oops, compressed class ptrs, g1 gc, windows-amd64)
GC Precious Log:
 CardTable entry size: 512
 Card Set container configuration: InlinePtr #cards 4 size 8 Array Of Cards #cards 16 size 48 Howl #buckets 8 coarsen threshold 3686 Howl Bitmap #cards 512 size 80 coarsen threshold 460 Card regions per heap region 1 cards per card region 4096
 CPUs: 20 total, 20 available
 Memory: 16070M
 Large Page Support: Disabled
 NUMA Support: Disabled
 Compressed Oops: Enabled (Zero based)
 Heap Region Size: 2M
 Heap Min Capacity: 8M
 Heap Initial Capacity: 252M
 Heap Max Capacity: 4018M
 Pre-touch: Disabled
 Parallel Workers: 15
 Concurrent Workers: 4
 Concurrent Refinement Workers: 15
 Periodic GC: Disabled
Heap:
 garbage-first heap   total 126976K, used 95974K [0x0000000704e00000, 0x0000000800000000)
  region size 2048K, 2 young (4096K), 2 survivors (4096K)
 Metaspace       used 60194K, committed 60480K, reserved 1114112K
  class space    used 6851K, committed 6976K, reserved 1048576K
GC Heap History (20 events):
Event: 1.338 GC heap after
{Heap after GC invocations=8 (full 0):
 garbage-first heap   total 153600K, used 25447K [0x0000000704e00000, 0x0000000800000000)
  region size 2048K, 1 young (2048K), 1 survivors (2048K)
 Metaspace       used 35154K, committed 35456K, reserved 1114112K
  class space    used 4341K, committed 4480K, reserved 1048576K
}
Event: 1.977 GC heap before
{Heap before GC invocations=9 (full 0):
 garbage-first heap   total 90112K, used 74599K [0x0000000704e00000, 0x0000000800000000)
  region size 2048K, 26 young (53248K), 1 survivors (2048K)
 Metaspace       used 46108K, committed 46400K, reserved 1114112K
  class space    used 5450K, committed 5568K, reserved 1048576K
}
Event: 1.983 GC heap after
{Heap after GC invocations=10 (full 0):
 garbage-first heap   total 90112K, used 30464K [0x0000000704e00000, 0x0000000800000000)
  region size 2048K, 4 young (8192K), 4 survivors (8192K)
 Metaspace       used 46108K, committed 46400K, reserved 1114112K
  class space    used 5450K, committed 5568K, reserved 1048576K
}
Event: 2.412 GC heap before
{Heap before GC invocations=10 (full 0):
 garbage-first heap   total 90112K, used 71424K [0x0000000704e00000, 0x0000000800000000)
  region size 2048K, 25 young (51200K), 4 survivors (8192K)
 Metaspace       used 51537K, committed 51840K, reserved 1114112K
  class space    used 6000K, committed 6144K, reserved 1048576K
}
Event: 2.421 GC heap after
{Heap after GC invocations=11 (full 0):
 garbage-first heap   total 92160K, used 38284K [0x0000000704e00000, 0x0000000800000000)
  region size 2048K, 4 young (8192K), 4 survivors (8192K)
 Metaspace       used 51537K, committed 51840K, reserved 1114112K
  class space    used 6000K, committed 6144K, reserved 1048576K
}
Event: 2.546 GC heap before
{Heap before GC invocations=11 (full 0):
 garbage-first heap   total 92160K, used 75148K [0x0000000704e00000, 0x0000000800000000)
  region size 2048K, 22 young (45056K), 4 survivors (8192K)
 Metaspace       used 52132K, committed 52352K, reserved 1114112K
  class space    used 6044K, committed 6144K, reserved 1048576K
}
Event: 2.555 GC heap after
{Heap after GC invocations=12 (full 0):
 garbage-first heap   total 94208K, used 49152K [0x0000000704e00000, 0x0000000800000000)
  region size 2048K, 3 young (6144K), 3 survivors (6144K)
 Metaspace       used 52132K, committed 52352K, reserved 1114112K
  class space    used 6044K, committed 6144K, reserved 1048576K
}
Event: 2.748 GC heap before
{Heap before GC invocations=12 (full 0):
 garbage-first heap   total 94208K, used 75776K [0x0000000704e00000, 0x0000000800000000)
  region size 2048K, 16 young (32768K), 3 survivors (6144K)
 Metaspace       used 55832K, committed 56128K, reserved 1114112K
  class space    used 6469K, committed 6592K, reserved 1048576K
}
Event: 2.754 GC heap after
{Heap after GC invocations=13 (full 0):
 garbage-first heap   total 94208K, used 54266K [0x0000000704e00000, 0x0000000800000000)
  region size 2048K, 2 young (4096K), 2 survivors (4096K)
 Metaspace       used 55832K, committed 56128K, reserved 1114112K
  class space    used 6469K, committed 6592K, reserved 1048576K
}
Event: 2.879 GC heap before
{Heap before GC invocations=14 (full 0):
 garbage-first heap   total 94208K, used 78842K [0x0000000704e00000, 0x0000000800000000)
  region size 2048K, 14 young (28672K), 2 survivors (4096K)
 Metaspace       used 56500K, committed 56768K, reserved 1114112K
  class space    used 6564K, committed 6656K, reserved 1048576K
}
Event: 2.885 GC heap after
{Heap after GC invocations=15 (full 0):
 garbage-first heap   total 122880K, used 63488K [0x0000000704e00000, 0x0000000800000000)
  region size 2048K, 2 young (4096K), 2 survivors (4096K)
 Metaspace       used 56500K, committed 56768K, reserved 1114112K
  class space    used 6564K, committed 6656K, reserved 1048576K
}
Event: 3.306 GC heap before
{Heap before GC invocations=15 (full 0):
 garbage-first heap   total 122880K, used 96256K [0x0000000704e00000, 0x0000000800000000)
  region size 2048K, 19 young (38912K), 2 survivors (4096K)
 Metaspace       used 59456K, committed 59776K, reserved 1114112K
  class space    used 6797K, committed 6912K, reserved 1048576K
}
Event: 3.313 GC heap after
{Heap after GC invocations=16 (full 0):
 garbage-first heap   total 122880K, used 69305K [0x0000000704e00000, 0x0000000800000000)
  region size 2048K, 3 young (6144K), 3 survivors (6144K)
 Metaspace       used 59456K, committed 59776K, reserved 1114112K
  class space    used 6797K, committed 6912K, reserved 1048576K
}
Event: 3.510 GC heap before
{Heap before GC invocations=16 (full 0):
 garbage-first heap   total 122880K, used 102073K [0x0000000704e00000, 0x0000000800000000)
  region size 2048K, 19 young (38912K), 3 survivors (6144K)
 Metaspace       used 60185K, committed 60480K, reserved 1114112K
  class space    used 6851K, committed 6976K, reserved 1048576K
}
Event: 3.518 GC heap after
{Heap after GC invocations=17 (full 0):
 garbage-first heap   total 122880K, used 75481K [0x0000000704e00000, 0x0000000800000000)
  region size 2048K, 3 young (6144K), 3 survivors (6144K)
 Metaspace       used 60185K, committed 60480K, reserved 1114112K
  class space    used 6851K, committed 6976K, reserved 1048576K
}
Event: 3.562 GC heap before
{Heap before GC invocations=18 (full 0):
 garbage-first heap   total 126976K, used 104153K [0x0000000704e00000, 0x0000000800000000)
  region size 2048K, 17 young (34816K), 3 survivors (6144K)
 Metaspace       used 60194K, committed 60480K, reserved 1114112K
  class space    used 6851K, committed 6976K, reserved 1048576K
}
Event: 3.568 GC heap after
{Heap after GC invocations=19 (full 0):
 garbage-first heap   total 126976K, used 83542K [0x0000000704e00000, 0x0000000800000000)
  region size 2048K, 3 young (6144K), 3 survivors (6144K)
 Metaspace       used 60194K, committed 60480K, reserved 1114112K
  class space    used 6851K, committed 6976K, reserved 1048576K
}
Event: 3.586 GC heap before
{Heap before GC invocations=19 (full 0):
 garbage-first heap   total 126976K, used 110166K [0x0000000704e00000, 0x0000000800000000)
  region size 2048K, 16 young (32768K), 3 survivors (6144K)
 Metaspace       used 60194K, committed 60480K, reserved 1114112K
  class space    used 6851K, committed 6976K, reserved 1048576K
}
Event: 3.590 GC heap after
{Heap after GC invocations=20 (full 0):
 garbage-first heap   total 126976K, used 90112K [0x0000000704e00000, 0x0000000800000000)
  region size 2048K, 2 young (4096K), 2 survivors (4096K)
 Metaspace       used 60194K, committed 60480K, reserved 1114112K
  class space    used 6851K, committed 6976K, reserved 1048576K
}
Event: 3.607 GC heap before
{Heap before GC invocations=20 (full 0):
 garbage-first heap   total 126976K, used 112640K [0x0000000704e00000, 0x0000000800000000)
  region size 2048K, 13 young (26624K), 2 survivors (4096K)
 Metaspace       used 60194K, committed 60480K, reserved 1114112K
  class space    used 6851K, committed 6976K, reserved 1048576K
}

