# JRE version: OpenJDK Runtime Environment (21.0.9) (build 21.0.9+-14787801-b1163.94)
# Java VM: OpenJDK 64-Bit Server VM (21.0.9+-14787801-b1163.94, mixed mode, tiered, compressed oops, compressed class ptrs, g1 gc, windows-amd64)
GC Precious Log:
 CardTable entry size: 512
 Card Set container configuration: InlinePtr #cards 4 size 8 Array Of Cards #cards 16 size 48 Howl #buckets 8 coarsen threshold 3686 Howl Bitmap #cards 512 size 80 coarsen threshold 460 Card regions per heap region 1 cards per card region 4096
 CPUs: 20 total, 20 available
 Memory: 16070M
 Large Page Support: Disabled
 NUMA Support: Disabled
 Compressed Oops: Enabled (Zero based)
 Heap Region Size: 2M
 Heap Min Capacity: 8M
 Heap Initial Capacity: 252M
 Heap Max Capacity: 4018M
 Pre-touch: Disabled
 Parallel Workers: 15
 Concurrent Workers: 4
 Concurrent Refinement Workers: 15
 Periodic GC: Disabled
Heap:
 garbage-first heap   total 225280K, used 169984K [0x0000000704e00000, 0x0000000800000000)
  region size 2048K, 14 young (28672K), 4 survivors (8192K)
 Metaspace       used 77567K, committed 77952K, reserved 1179648K
  class space    used 8355K, committed 8512K, reserved 1048576K
GC Heap History (20 events):
Event: 3.468 GC heap before
{Heap before GC invocations=12 (full 0):
 garbage-first heap   total 133120K, used 101376K [0x0000000704e00000, 0x0000000800000000)
  region size 2048K, 26 young (53248K), 3 survivors (6144K)
 Metaspace       used 58684K, committed 59008K, reserved 1114112K
  class space    used 6733K, committed 6848K, reserved 1048576K
}
Event: 3.475 GC heap after
{Heap after GC invocations=13 (full 0):
 garbage-first heap   total 133120K, used 67584K [0x0000000704e00000, 0x0000000800000000)
  region size 2048K, 4 young (8192K), 4 survivors (8192K)
 Metaspace       used 58684K, committed 59008K, reserved 1114112K
  class space    used 6733K, committed 6848K, reserved 1048576K
}
Event: 3.657 GC heap before
{Heap before GC invocations=13 (full 0):
 garbage-first heap   total 133120K, used 81920K [0x0000000704e00000, 0x0000000800000000)
  region size 2048K, 12 young (24576K), 4 survivors (8192K)
 Metaspace       used 59839K, committed 60160K, reserved 1114112K
  class space    used 6818K, committed 6912K, reserved 1048576K
}
Event: 3.662 GC heap after
{Heap after GC invocations=14 (full 0):
 garbage-first heap   total 133120K, used 71380K [0x0000000704e00000, 0x0000000800000000)
  region size 2048K, 2 young (4096K), 2 survivors (4096K)
 Metaspace       used 59839K, committed 60160K, reserved 1114112K
  class space    used 6818K, committed 6912K, reserved 1048576K
}
Event: 3.837 GC heap before
{Heap before GC invocations=15 (full 0):
 garbage-first heap   total 133120K, used 108244K [0x0000000704e00000, 0x0000000800000000)
  region size 2048K, 20 young (40960K), 2 survivors (4096K)
 Metaspace       used 60170K, committed 60480K, reserved 1114112K
  class space    used 6846K, committed 6976K, reserved 1048576K
}
Event: 3.842 GC heap after
{Heap after GC invocations=16 (full 0):
 garbage-first heap   total 133120K, used 79503K [0x0000000704e00000, 0x0000000800000000)
  region size 2048K, 3 young (6144K), 3 survivors (6144K)
 Metaspace       used 60170K, committed 60480K, reserved 1114112K
  class space    used 6846K, committed 6976K, reserved 1048576K
}
Event: 3.869 GC heap before
{Heap before GC invocations=16 (full 0):
 garbage-first heap   total 133120K, used 112271K [0x0000000704e00000, 0x0000000800000000)
  region size 2048K, 19 young (38912K), 3 survivors (6144K)
 Metaspace       used 60170K, committed 60480K, reserved 1114112K
  class space    used 6846K, committed 6976K, reserved 1048576K
}
Event: 3.873 GC heap after
{Heap after GC invocations=17 (full 0):
 garbage-first heap   total 133120K, used 87325K [0x0000000704e00000, 0x0000000800000000)
  region size 2048K, 3 young (6144K), 3 survivors (6144K)
 Metaspace       used 60170K, committed 60480K, reserved 1114112K
  class space    used 6846K, committed 6976K, reserved 1048576K
}
Event: 3.894 GC heap before
{Heap before GC invocations=17 (full 0):
 garbage-first heap   total 133120K, used 113949K [0x0000000704e00000, 0x0000000800000000)
  region size 2048K, 16 young (32768K), 3 survivors (6144K)
 Metaspace       used 60170K, committed 60480K, reserved 1114112K
  class space    used 6846K, committed 6976K, reserved 1048576K
}
Event: 3.897 GC heap after
{Heap after GC invocations=18 (full 0):
 garbage-first heap   total 212992K, used 94208K [0x0000000704e00000, 0x0000000800000000)
  region size 2048K, 2 young (4096K), 2 survivors (4096K)
 Metaspace       used 60170K, committed 60480K, reserved 1114112K
  class space    used 6846K, committed 6976K, reserved 1048576K
}
Event: 4.163 GC heap before
{Heap before GC invocations=19 (full 0):
 garbage-first heap   total 212992K, used 169984K [0x0000000704e00000, 0x0000000800000000)
  region size 2048K, 39 young (79872K), 2 survivors (4096K)
 Metaspace       used 60378K, committed 60736K, reserved 1114112K
  class space    used 6852K, committed 6976K, reserved 1048576K
}
Event: 4.169 GC heap after
{Heap after GC invocations=20 (full 0):
 garbage-first heap   total 212992K, used 113644K [0x0000000704e00000, 0x0000000800000000)
  region size 2048K, 5 young (10240K), 5 survivors (10240K)
 Metaspace       used 60378K, committed 60736K, reserved 1114112K
  class space    used 6852K, committed 6976K, reserved 1048576K
}
Event: 4.848 GC heap before
{Heap before GC invocations=20 (full 0):
 garbage-first heap   total 212992K, used 175084K [0x0000000704e00000, 0x0000000800000000)
  region size 2048K, 35 young (71680K), 5 survivors (10240K)
 Metaspace       used 65264K, committed 65600K, reserved 1114112K
  class space    used 7257K, committed 7360K, reserved 1048576K
}
Event: 4.855 GC heap after
{Heap after GC invocations=21 (full 0):
 garbage-first heap   total 212992K, used 122880K [0x0000000704e00000, 0x0000000800000000)
  region size 2048K, 5 young (10240K), 5 survivors (10240K)
 Metaspace       used 65264K, committed 65600K, reserved 1114112K
  class space    used 7257K, committed 7360K, reserved 1048576K
}
Event: 5.220 GC heap before
{Heap before GC invocations=21 (full 0):
 garbage-first heap   total 212992K, used 180224K [0x0000000704e00000, 0x0000000800000000)
  region size 2048K, 33 young (67584K), 5 survivors (10240K)
 Metaspace       used 69557K, committed 69888K, reserved 1114112K
  class space    used 7611K, committed 7744K, reserved 1048576K
}
Event: 5.228 GC heap after
{Heap after GC invocations=22 (full 0):
 garbage-first heap   total 212992K, used 134086K [0x0000000704e00000, 0x0000000800000000)
  region size 2048K, 5 young (10240K), 5 survivors (10240K)
 Metaspace       used 69557K, committed 69888K, reserved 1114112K
  class space    used 7611K, committed 7744K, reserved 1048576K
}
Event: 5.801 GC heap before
{Heap before GC invocations=23 (full 0):
 garbage-first heap   total 225280K, used 183238K [0x0000000704e00000, 0x0000000800000000)
  region size 2048K, 29 young (59392K), 5 survivors (10240K)
 Metaspace       used 73629K, committed 73984K, reserved 1179648K
  class space    used 7970K, committed 8128K, reserved 1048576K
}
Event: 5.809 GC heap after
{Heap after GC invocations=24 (full 0):
 garbage-first heap   total 225280K, used 144190K [0x0000000704e00000, 0x0000000800000000)
  region size 2048K, 4 young (8192K), 4 survivors (8192K)
 Metaspace       used 73629K, committed 73984K, reserved 1179648K
  class space    used 7970K, committed 8128K, reserved 1048576K
}
Event: 6.302 GC heap before
{Heap before GC invocations=24 (full 0):
 garbage-first heap   total 225280K, used 193342K [0x0000000704e00000, 0x0000000800000000)
  region size 2048K, 29 young (59392K), 4 survivors (8192K)
 Metaspace       used 76368K, committed 76736K, reserved 1179648K
  class space    used 8232K, committed 8384K, reserved 1048576K
}
Event: 6.310 GC heap after
{Heap after GC invocations=25 (full 0):
 garbage-first heap   total 225280K, used 153600K [0x0000000704e00000, 0x0000000800000000)
  region size 2048K, 4 young (8192K), 4 survivors (8192K)
 Metaspace       used 76368K, committed 76736K, reserved 1179648K
  class space    used 8232K, committed 8384K, reserved 1048576K
}

