# JRE version: OpenJDK Runtime Environment (21.0.9) (build 21.0.9+-14787801-b1163.94)
# Java VM: OpenJDK 64-Bit Server VM (21.0.9+-14787801-b1163.94, mixed mode, tiered, compressed oops, compressed class ptrs, g1 gc, windows-amd64)
GC Precious Log:
 CardTable entry size: 512
 Card Set container configuration: InlinePtr #cards 4 size 8 Array Of Cards #cards 16 size 48 Howl #buckets 8 coarsen threshold 3686 Howl Bitmap #cards 512 size 80 coarsen threshold 460 Card regions per heap region 1 cards per card region 4096
 CPUs: 20 total, 20 available
 Memory: 16070M
 Large Page Support: Disabled
 NUMA Support: Disabled
 Compressed Oops: Enabled (Zero based)
 Heap Region Size: 2M
 Heap Min Capacity: 8M
 Heap Initial Capacity: 252M
 Heap Max Capacity: 4018M
 Pre-touch: Disabled
 Parallel Workers: 15
 Concurrent Workers: 4
 Concurrent Refinement Workers: 15
 Periodic GC: Disabled
Heap:
 garbage-first heap   total 292864K, used 173933K [0x0000000704e00000, 0x0000000800000000)
  region size 2048K, 34 young (69632K), 2 survivors (4096K)
 Metaspace       used 64597K, committed 64896K, reserved 1114112K
  class space    used 7210K, committed 7360K, reserved 1048576K
GC Heap History (20 events):
Event: 1.784 GC heap before
{Heap before GC invocations=9 (full 0):
 garbage-first heap   total 90112K, used 86689K [0x0000000704e00000, 0x0000000800000000)
  region size 2048K, 32 young (65536K), 1 survivors (2048K)
 Metaspace       used 47833K, committed 48128K, reserved 1114112K
  class space    used 5638K, committed 5760K, reserved 1048576K
}
Event: 1.791 GC heap after
{Heap after GC invocations=10 (full 0):
 garbage-first heap   total 100352K, used 32474K [0x0000000704e00000, 0x0000000800000000)
  region size 2048K, 5 young (10240K), 5 survivors (10240K)
 Metaspace       used 47833K, committed 48128K, reserved 1114112K
  class space    used 5638K, committed 5760K, reserved 1048576K
}
Event: 2.095 GC heap before
{Heap before GC invocations=10 (full 0):
 garbage-first heap   total 100352K, used 81626K [0x0000000704e00000, 0x0000000800000000)
  region size 2048K, 29 young (59392K), 5 survivors (10240K)
 Metaspace       used 51592K, committed 51904K, reserved 1114112K
  class space    used 5999K, committed 6144K, reserved 1048576K
}
Event: 2.107 GC heap after
{Heap after GC invocations=11 (full 0):
 garbage-first heap   total 106496K, used 45056K [0x0000000704e00000, 0x0000000800000000)
  region size 2048K, 4 young (8192K), 4 survivors (8192K)
 Metaspace       used 51592K, committed 51904K, reserved 1114112K
  class space    used 5999K, committed 6144K, reserved 1048576K
}
Event: 2.369 GC heap before
{Heap before GC invocations=11 (full 0):
 garbage-first heap   total 106496K, used 81920K [0x0000000704e00000, 0x0000000800000000)
  region size 2048K, 23 young (47104K), 4 survivors (8192K)
 Metaspace       used 54453K, committed 54720K, reserved 1114112K
  class space    used 6305K, committed 6400K, reserved 1048576K
}
Event: 2.379 GC heap after
{Heap after GC invocations=12 (full 0):
 garbage-first heap   total 106496K, used 55141K [0x0000000704e00000, 0x0000000800000000)
  region size 2048K, 3 young (6144K), 3 survivors (6144K)
 Metaspace       used 54453K, committed 54720K, reserved 1114112K
  class space    used 6305K, committed 6400K, reserved 1048576K
}
Event: 2.530 GC heap before
{Heap before GC invocations=12 (full 0):
 garbage-first heap   total 106496K, used 85861K [0x0000000704e00000, 0x0000000800000000)
  region size 2048K, 18 young (36864K), 3 survivors (6144K)
 Metaspace       used 56653K, committed 56896K, reserved 1114112K
  class space    used 6555K, committed 6656K, reserved 1048576K
}
Event: 2.538 GC heap after
{Heap after GC invocations=13 (full 0):
 garbage-first heap   total 131072K, used 64512K [0x0000000704e00000, 0x0000000800000000)
  region size 2048K, 3 young (6144K), 3 survivors (6144K)
 Metaspace       used 56653K, committed 56896K, reserved 1114112K
  class space    used 6555K, committed 6656K, reserved 1048576K
}
Event: 3.033 GC heap before
{Heap before GC invocations=14 (full 0):
 garbage-first heap   total 131072K, used 103424K [0x0000000704e00000, 0x0000000800000000)
  region size 2048K, 22 young (45056K), 3 survivors (6144K)
 Metaspace       used 59705K, committed 60032K, reserved 1114112K
  class space    used 6824K, committed 6976K, reserved 1048576K
}
Event: 3.040 GC heap after
{Heap after GC invocations=15 (full 0):
 garbage-first heap   total 131072K, used 72276K [0x0000000704e00000, 0x0000000800000000)
  region size 2048K, 3 young (6144K), 3 survivors (6144K)
 Metaspace       used 59705K, committed 60032K, reserved 1114112K
  class space    used 6824K, committed 6976K, reserved 1048576K
}
Event: 3.226 GC heap before
{Heap before GC invocations=15 (full 0):
 garbage-first heap   total 131072K, used 107092K [0x0000000704e00000, 0x0000000800000000)
  region size 2048K, 20 young (40960K), 3 survivors (6144K)
 Metaspace       used 60181K, committed 60480K, reserved 1114112K
  class space    used 6846K, committed 6976K, reserved 1048576K
}
Event: 3.232 GC heap after
{Heap after GC invocations=16 (full 0):
 garbage-first heap   total 131072K, used 79220K [0x0000000704e00000, 0x0000000800000000)
  region size 2048K, 3 young (6144K), 3 survivors (6144K)
 Metaspace       used 60181K, committed 60480K, reserved 1114112K
  class space    used 6846K, committed 6976K, reserved 1048576K
}
Event: 3.249 GC heap before
{Heap before GC invocations=16 (full 0):
 garbage-first heap   total 131072K, used 109940K [0x0000000704e00000, 0x0000000800000000)
  region size 2048K, 18 young (36864K), 3 survivors (6144K)
 Metaspace       used 60181K, committed 60480K, reserved 1114112K
  class space    used 6846K, committed 6976K, reserved 1048576K
}
Event: 3.254 GC heap after
{Heap after GC invocations=17 (full 0):
 garbage-first heap   total 131072K, used 88019K [0x0000000704e00000, 0x0000000800000000)
  region size 2048K, 3 young (6144K), 3 survivors (6144K)
 Metaspace       used 60181K, committed 60480K, reserved 1114112K
  class space    used 6846K, committed 6976K, reserved 1048576K
}
Event: 3.299 GC heap before
{Heap before GC invocations=18 (full 0):
 garbage-first heap   total 147456K, used 114643K [0x0000000704e00000, 0x0000000800000000)
  region size 2048K, 16 young (32768K), 3 survivors (6144K)
 Metaspace       used 60181K, committed 60480K, reserved 1114112K
  class space    used 6846K, committed 6976K, reserved 1048576K
}
Event: 3.302 GC heap after
{Heap after GC invocations=19 (full 0):
 garbage-first heap   total 147456K, used 95211K [0x0000000704e00000, 0x0000000800000000)
  region size 2048K, 2 young (4096K), 2 survivors (4096K)
 Metaspace       used 60181K, committed 60480K, reserved 1114112K
  class space    used 6846K, committed 6976K, reserved 1048576K
}
Event: 3.337 GC heap before
{Heap before GC invocations=19 (full 0):
 garbage-first heap   total 147456K, used 125931K [0x0000000704e00000, 0x0000000800000000)
  region size 2048K, 17 young (34816K), 2 survivors (4096K)
 Metaspace       used 60181K, committed 60480K, reserved 1114112K
  class space    used 6846K, committed 6976K, reserved 1048576K
}
Event: 3.340 GC heap after
{Heap after GC invocations=20 (full 0):
 garbage-first heap   total 147456K, used 102400K [0x0000000704e00000, 0x0000000800000000)
  region size 2048K, 3 young (6144K), 3 survivors (6144K)
 Metaspace       used 60181K, committed 60480K, reserved 1114112K
  class space    used 6846K, committed 6976K, reserved 1048576K
}
Event: 3.443 GC heap before
{Heap before GC invocations=20 (full 0):
 garbage-first heap   total 147456K, used 129024K [0x0000000704e00000, 0x0000000800000000)
  region size 2048K, 16 young (32768K), 3 survivors (6144K)
 Metaspace       used 60241K, committed 60544K, reserved 1114112K
  class space    used 6847K, committed 6976K, reserved 1048576K
}
Event: 3.448 GC heap after
{Heap after GC invocations=21 (full 0):
 garbage-first heap   total 292864K, used 110445K [0x0000000704e00000, 0x0000000800000000)
  region size 2048K, 2 young (4096K), 2 survivors (4096K)
 Metaspace       used 60241K, committed 60544K, reserved 1114112K
  class space    used 6847K, committed 6976K, reserved 1048576K
}

